2017-11-14T15:37:04,926 INFO  [main] org.springframework.boot.StartupInfoLogger.logStarting(StartupInfoLogger.java:48) - Starting ServiceApplication on DESKTOP-E9FG9KS with PID 11724 (D:\work\project\64_zoo_lane\gibbon\target\classes started by ChenQiang in D:\work\project\64_zoo_lane)
2017-11-14T15:37:04,949 INFO  [main] org.springframework.boot.SpringApplication.logStartupProfileInfo(SpringApplication.java:593) - No active profile set, falling back to default profiles: default
2017-11-14T15:37:05,155 INFO  [main] org.springframework.context.support.AbstractApplicationContext.prepareRefresh(AbstractApplicationContext.java:583) - Refreshing org.springframework.boot.context.embedded.AnnotationConfigEmbeddedWebApplicationContext@6c2ed0cd: startup date [Tue Nov 14 15:37:05 CST 2017]; root of context hierarchy
2017-11-14T15:37:05,651 INFO  [background-preinit] org.hibernate.validator.internal.util.Version.<clinit>(Version.java:30) - HV000001: Hibernate Validator 5.3.5.Final
2017-11-14T15:37:07,774 INFO  [main] org.springframework.boot.context.embedded.tomcat.TomcatEmbeddedServletContainer.initialize(TomcatEmbeddedServletContainer.java:89) - Tomcat initialized with port(s): 8099 (http)
2017-11-14T15:37:07,792 INFO  [main] org.apache.juli.logging.DirectJDKLog.log(DirectJDKLog.java:179) - Starting service [Tomcat]
2017-11-14T15:37:07,794 INFO  [main] org.apache.juli.logging.DirectJDKLog.log(DirectJDKLog.java:179) - Starting Servlet Engine: Apache Tomcat/8.5.23
2017-11-14T15:37:07,913 INFO  [localhost-startStop-1] org.apache.juli.logging.DirectJDKLog.log(DirectJDKLog.java:179) - Initializing Spring embedded WebApplicationContext
2017-11-14T15:37:07,914 INFO  [localhost-startStop-1] org.springframework.boot.context.embedded.EmbeddedWebApplicationContext.prepareEmbeddedWebApplicationContext(EmbeddedWebApplicationContext.java:276) - Root WebApplicationContext: initialization completed in 2777 ms
2017-11-14T15:37:08,161 INFO  [localhost-startStop-1] org.springframework.boot.web.servlet.ServletRegistrationBean.onStartup(ServletRegistrationBean.java:190) - Mapping servlet: 'dispatcherServlet' to [/]
2017-11-14T15:37:08,166 INFO  [localhost-startStop-1] org.springframework.boot.web.servlet.AbstractFilterRegistrationBean.configure(AbstractFilterRegistrationBean.java:258) - Mapping filter: 'characterEncodingFilter' to: [/*]
2017-11-14T15:37:08,167 INFO  [localhost-startStop-1] org.springframework.boot.web.servlet.AbstractFilterRegistrationBean.configure(AbstractFilterRegistrationBean.java:258) - Mapping filter: 'hiddenHttpMethodFilter' to: [/*]
2017-11-14T15:37:08,167 INFO  [localhost-startStop-1] org.springframework.boot.web.servlet.AbstractFilterRegistrationBean.configure(AbstractFilterRegistrationBean.java:258) - Mapping filter: 'httpPutFormContentFilter' to: [/*]
2017-11-14T15:37:08,167 INFO  [localhost-startStop-1] org.springframework.boot.web.servlet.AbstractFilterRegistrationBean.configure(AbstractFilterRegistrationBean.java:258) - Mapping filter: 'requestContextFilter' to: [/*]
2017-11-14T15:37:08,225 INFO  [main] com.gibbon.configuration.SpringConfiguration.afterPropertiesSet(SpringConfiguration.java:19) - info Logging application message
2017-11-14T15:37:08,327 INFO  [main] com.gibbon.configuration.SpringConfiguration.afterPropertiesSet(SpringConfiguration.java:19) - info Logging application message
2017-11-14T15:37:08,427 INFO  [main] com.gibbon.configuration.SpringConfiguration.afterPropertiesSet(SpringConfiguration.java:19) - info Logging application message
2017-11-14T15:37:08,528 INFO  [main] com.gibbon.configuration.SpringConfiguration.afterPropertiesSet(SpringConfiguration.java:19) - info Logging application message
2017-11-14T15:37:08,629 INFO  [main] com.gibbon.configuration.SpringConfiguration.afterPropertiesSet(SpringConfiguration.java:19) - info Logging application message
2017-11-14T15:37:08,729 INFO  [main] com.gibbon.configuration.SpringConfiguration.afterPropertiesSet(SpringConfiguration.java:19) - info Logging application message
2017-11-14T15:37:08,830 INFO  [main] com.gibbon.configuration.SpringConfiguration.afterPropertiesSet(SpringConfiguration.java:19) - info Logging application message
2017-11-14T15:37:08,931 INFO  [main] com.gibbon.configuration.SpringConfiguration.afterPropertiesSet(SpringConfiguration.java:19) - info Logging application message
2017-11-14T15:37:09,032 INFO  [main] com.gibbon.configuration.SpringConfiguration.afterPropertiesSet(SpringConfiguration.java:19) - info Logging application message
2017-11-14T15:37:09,132 INFO  [main] com.gibbon.configuration.SpringConfiguration.afterPropertiesSet(SpringConfiguration.java:19) - info Logging application message
2017-11-14T15:37:09,232 INFO  [main] com.gibbon.configuration.SpringConfiguration.afterPropertiesSet(SpringConfiguration.java:19) - info Logging application message
2017-11-14T15:37:09,333 INFO  [main] com.gibbon.configuration.SpringConfiguration.afterPropertiesSet(SpringConfiguration.java:19) - info Logging application message
2017-11-14T15:37:09,433 INFO  [main] com.gibbon.configuration.SpringConfiguration.afterPropertiesSet(SpringConfiguration.java:19) - info Logging application message
2017-11-14T15:37:09,534 INFO  [main] com.gibbon.configuration.SpringConfiguration.afterPropertiesSet(SpringConfiguration.java:19) - info Logging application message
2017-11-14T15:37:09,635 INFO  [main] com.gibbon.configuration.SpringConfiguration.afterPropertiesSet(SpringConfiguration.java:19) - info Logging application message
2017-11-14T15:37:09,736 INFO  [main] com.gibbon.configuration.SpringConfiguration.afterPropertiesSet(SpringConfiguration.java:19) - info Logging application message
2017-11-14T15:37:09,836 INFO  [main] com.gibbon.configuration.SpringConfiguration.afterPropertiesSet(SpringConfiguration.java:19) - info Logging application message
2017-11-14T15:37:09,936 INFO  [main] com.gibbon.configuration.SpringConfiguration.afterPropertiesSet(SpringConfiguration.java:19) - info Logging application message
2017-11-14T15:37:10,037 INFO  [main] com.gibbon.configuration.SpringConfiguration.afterPropertiesSet(SpringConfiguration.java:19) - info Logging application message
2017-11-14T15:37:10,138 INFO  [main] com.gibbon.configuration.SpringConfiguration.afterPropertiesSet(SpringConfiguration.java:19) - info Logging application message
2017-11-14T15:37:10,238 INFO  [main] com.gibbon.configuration.SpringConfiguration.afterPropertiesSet(SpringConfiguration.java:19) - info Logging application message
2017-11-14T15:37:10,339 INFO  [main] com.gibbon.configuration.SpringConfiguration.afterPropertiesSet(SpringConfiguration.java:19) - info Logging application message
2017-11-14T15:37:10,440 INFO  [main] com.gibbon.configuration.SpringConfiguration.afterPropertiesSet(SpringConfiguration.java:19) - info Logging application message
2017-11-14T15:37:10,540 INFO  [main] com.gibbon.configuration.SpringConfiguration.afterPropertiesSet(SpringConfiguration.java:19) - info Logging application message
2017-11-14T15:37:10,640 INFO  [main] com.gibbon.configuration.SpringConfiguration.afterPropertiesSet(SpringConfiguration.java:19) - info Logging application message
2017-11-14T15:37:10,741 INFO  [main] com.gibbon.configuration.SpringConfiguration.afterPropertiesSet(SpringConfiguration.java:19) - info Logging application message
2017-11-14T15:37:10,842 INFO  [main] com.gibbon.configuration.SpringConfiguration.afterPropertiesSet(SpringConfiguration.java:19) - info Logging application message
2017-11-14T15:37:10,943 INFO  [main] com.gibbon.configuration.SpringConfiguration.afterPropertiesSet(SpringConfiguration.java:19) - info Logging application message
2017-11-14T15:37:11,043 INFO  [main] com.gibbon.configuration.SpringConfiguration.afterPropertiesSet(SpringConfiguration.java:19) - info Logging application message
2017-11-14T15:37:11,144 INFO  [main] com.gibbon.configuration.SpringConfiguration.afterPropertiesSet(SpringConfiguration.java:19) - info Logging application message
2017-11-14T15:37:11,244 INFO  [main] com.gibbon.configuration.SpringConfiguration.afterPropertiesSet(SpringConfiguration.java:19) - info Logging application message
2017-11-14T15:37:11,344 INFO  [main] com.gibbon.configuration.SpringConfiguration.afterPropertiesSet(SpringConfiguration.java:19) - info Logging application message
2017-11-14T15:37:11,444 INFO  [main] com.gibbon.configuration.SpringConfiguration.afterPropertiesSet(SpringConfiguration.java:19) - info Logging application message
2017-11-14T15:37:11,544 INFO  [main] com.gibbon.configuration.SpringConfiguration.afterPropertiesSet(SpringConfiguration.java:19) - info Logging application message
2017-11-14T15:37:11,645 INFO  [main] com.gibbon.configuration.SpringConfiguration.afterPropertiesSet(SpringConfiguration.java:19) - info Logging application message
2017-11-14T15:37:11,745 INFO  [main] com.gibbon.configuration.SpringConfiguration.afterPropertiesSet(SpringConfiguration.java:19) - info Logging application message
2017-11-14T15:37:11,845 INFO  [main] com.gibbon.configuration.SpringConfiguration.afterPropertiesSet(SpringConfiguration.java:19) - info Logging application message
2017-11-14T15:37:11,945 INFO  [main] com.gibbon.configuration.SpringConfiguration.afterPropertiesSet(SpringConfiguration.java:19) - info Logging application message
2017-11-14T15:37:12,046 INFO  [main] com.gibbon.configuration.SpringConfiguration.afterPropertiesSet(SpringConfiguration.java:19) - info Logging application message
2017-11-14T15:37:12,147 INFO  [main] com.gibbon.configuration.SpringConfiguration.afterPropertiesSet(SpringConfiguration.java:19) - info Logging application message
2017-11-14T15:37:12,247 INFO  [main] com.gibbon.configuration.SpringConfiguration.afterPropertiesSet(SpringConfiguration.java:19) - info Logging application message
2017-11-14T15:37:12,347 INFO  [main] com.gibbon.configuration.SpringConfiguration.afterPropertiesSet(SpringConfiguration.java:19) - info Logging application message
2017-11-14T15:37:12,448 INFO  [main] com.gibbon.configuration.SpringConfiguration.afterPropertiesSet(SpringConfiguration.java:19) - info Logging application message
2017-11-14T15:37:12,548 INFO  [main] com.gibbon.configuration.SpringConfiguration.afterPropertiesSet(SpringConfiguration.java:19) - info Logging application message
2017-11-14T15:37:12,648 INFO  [main] com.gibbon.configuration.SpringConfiguration.afterPropertiesSet(SpringConfiguration.java:19) - info Logging application message
2017-11-14T15:37:12,749 INFO  [main] com.gibbon.configuration.SpringConfiguration.afterPropertiesSet(SpringConfiguration.java:19) - info Logging application message
2017-11-14T15:37:12,849 INFO  [main] com.gibbon.configuration.SpringConfiguration.afterPropertiesSet(SpringConfiguration.java:19) - info Logging application message
2017-11-14T15:37:12,949 INFO  [main] com.gibbon.configuration.SpringConfiguration.afterPropertiesSet(SpringConfiguration.java:19) - info Logging application message
2017-11-14T15:37:13,049 INFO  [main] com.gibbon.configuration.SpringConfiguration.afterPropertiesSet(SpringConfiguration.java:19) - info Logging application message
2017-11-14T15:37:13,150 INFO  [main] com.gibbon.configuration.SpringConfiguration.afterPropertiesSet(SpringConfiguration.java:19) - info Logging application message
2017-11-14T15:37:13,251 INFO  [main] com.gibbon.configuration.SpringConfiguration.afterPropertiesSet(SpringConfiguration.java:19) - info Logging application message
2017-11-14T15:37:13,352 INFO  [main] com.gibbon.configuration.SpringConfiguration.afterPropertiesSet(SpringConfiguration.java:19) - info Logging application message
2017-11-14T15:37:13,452 INFO  [main] com.gibbon.configuration.SpringConfiguration.afterPropertiesSet(SpringConfiguration.java:19) - info Logging application message
2017-11-14T15:37:13,552 INFO  [main] com.gibbon.configuration.SpringConfiguration.afterPropertiesSet(SpringConfiguration.java:19) - info Logging application message
2017-11-14T15:37:13,653 INFO  [main] com.gibbon.configuration.SpringConfiguration.afterPropertiesSet(SpringConfiguration.java:19) - info Logging application message
2017-11-14T15:37:13,754 INFO  [main] com.gibbon.configuration.SpringConfiguration.afterPropertiesSet(SpringConfiguration.java:19) - info Logging application message
2017-11-14T15:37:13,854 INFO  [main] com.gibbon.configuration.SpringConfiguration.afterPropertiesSet(SpringConfiguration.java:19) - info Logging application message
2017-11-14T15:37:13,954 INFO  [main] com.gibbon.configuration.SpringConfiguration.afterPropertiesSet(SpringConfiguration.java:19) - info Logging application message
2017-11-14T15:37:14,055 INFO  [main] com.gibbon.configuration.SpringConfiguration.afterPropertiesSet(SpringConfiguration.java:19) - info Logging application message
2017-11-14T15:37:14,155 INFO  [main] com.gibbon.configuration.SpringConfiguration.afterPropertiesSet(SpringConfiguration.java:19) - info Logging application message
2017-11-14T15:37:14,255 INFO  [main] com.gibbon.configuration.SpringConfiguration.afterPropertiesSet(SpringConfiguration.java:19) - info Logging application message
2017-11-14T15:37:14,355 INFO  [main] com.gibbon.configuration.SpringConfiguration.afterPropertiesSet(SpringConfiguration.java:19) - info Logging application message
2017-11-14T15:37:14,456 INFO  [main] com.gibbon.configuration.SpringConfiguration.afterPropertiesSet(SpringConfiguration.java:19) - info Logging application message
2017-11-14T15:37:14,557 INFO  [main] com.gibbon.configuration.SpringConfiguration.afterPropertiesSet(SpringConfiguration.java:19) - info Logging application message
2017-11-14T15:37:14,657 INFO  [main] com.gibbon.configuration.SpringConfiguration.afterPropertiesSet(SpringConfiguration.java:19) - info Logging application message
2017-11-14T15:37:14,758 INFO  [main] com.gibbon.configuration.SpringConfiguration.afterPropertiesSet(SpringConfiguration.java:19) - info Logging application message
2017-11-14T15:37:14,859 INFO  [main] com.gibbon.configuration.SpringConfiguration.afterPropertiesSet(SpringConfiguration.java:19) - info Logging application message
2017-11-14T15:37:14,959 INFO  [main] com.gibbon.configuration.SpringConfiguration.afterPropertiesSet(SpringConfiguration.java:19) - info Logging application message
2017-11-14T15:37:15,060 INFO  [main] com.gibbon.configuration.SpringConfiguration.afterPropertiesSet(SpringConfiguration.java:19) - info Logging application message
2017-11-14T15:37:15,160 INFO  [main] com.gibbon.configuration.SpringConfiguration.afterPropertiesSet(SpringConfiguration.java:19) - info Logging application message
2017-11-14T15:37:15,261 INFO  [main] com.gibbon.configuration.SpringConfiguration.afterPropertiesSet(SpringConfiguration.java:19) - info Logging application message
2017-11-14T15:37:15,361 INFO  [main] com.gibbon.configuration.SpringConfiguration.afterPropertiesSet(SpringConfiguration.java:19) - info Logging application message
2017-11-14T15:37:15,464 INFO  [main] com.gibbon.configuration.SpringConfiguration.afterPropertiesSet(SpringConfiguration.java:19) - info Logging application message
2017-11-14T15:37:15,565 INFO  [main] com.gibbon.configuration.SpringConfiguration.afterPropertiesSet(SpringConfiguration.java:19) - info Logging application message
2017-11-14T15:37:15,665 INFO  [main] com.gibbon.configuration.SpringConfiguration.afterPropertiesSet(SpringConfiguration.java:19) - info Logging application message
2017-11-14T15:37:15,765 INFO  [main] com.gibbon.configuration.SpringConfiguration.afterPropertiesSet(SpringConfiguration.java:19) - info Logging application message
2017-11-14T15:37:15,866 INFO  [main] com.gibbon.configuration.SpringConfiguration.afterPropertiesSet(SpringConfiguration.java:19) - info Logging application message
2017-11-14T15:37:15,967 INFO  [main] com.gibbon.configuration.SpringConfiguration.afterPropertiesSet(SpringConfiguration.java:19) - info Logging application message
2017-11-14T15:37:16,067 INFO  [main] com.gibbon.configuration.SpringConfiguration.afterPropertiesSet(SpringConfiguration.java:19) - info Logging application message
2017-11-14T15:37:16,168 INFO  [main] com.gibbon.configuration.SpringConfiguration.afterPropertiesSet(SpringConfiguration.java:19) - info Logging application message
2017-11-14T15:37:16,269 INFO  [main] com.gibbon.configuration.SpringConfiguration.afterPropertiesSet(SpringConfiguration.java:19) - info Logging application message
2017-11-14T15:37:16,369 INFO  [main] com.gibbon.configuration.SpringConfiguration.afterPropertiesSet(SpringConfiguration.java:19) - info Logging application message
2017-11-14T15:37:16,470 INFO  [main] com.gibbon.configuration.SpringConfiguration.afterPropertiesSet(SpringConfiguration.java:19) - info Logging application message
2017-11-14T15:37:16,571 INFO  [main] com.gibbon.configuration.SpringConfiguration.afterPropertiesSet(SpringConfiguration.java:19) - info Logging application message
2017-11-14T15:37:16,671 INFO  [main] com.gibbon.configuration.SpringConfiguration.afterPropertiesSet(SpringConfiguration.java:19) - info Logging application message
2017-11-14T15:37:16,772 INFO  [main] com.gibbon.configuration.SpringConfiguration.afterPropertiesSet(SpringConfiguration.java:19) - info Logging application message
2017-11-14T15:37:16,872 INFO  [main] com.gibbon.configuration.SpringConfiguration.afterPropertiesSet(SpringConfiguration.java:19) - info Logging application message
2017-11-14T15:37:16,973 INFO  [main] com.gibbon.configuration.SpringConfiguration.afterPropertiesSet(SpringConfiguration.java:19) - info Logging application message
2017-11-14T15:37:17,073 INFO  [main] com.gibbon.configuration.SpringConfiguration.afterPropertiesSet(SpringConfiguration.java:19) - info Logging application message
2017-11-14T15:37:17,174 INFO  [main] com.gibbon.configuration.SpringConfiguration.afterPropertiesSet(SpringConfiguration.java:19) - info Logging application message
2017-11-14T15:37:17,274 INFO  [main] com.gibbon.configuration.SpringConfiguration.afterPropertiesSet(SpringConfiguration.java:19) - info Logging application message
2017-11-14T15:37:17,375 INFO  [main] com.gibbon.configuration.SpringConfiguration.afterPropertiesSet(SpringConfiguration.java:19) - info Logging application message
2017-11-14T15:37:17,476 INFO  [main] com.gibbon.configuration.SpringConfiguration.afterPropertiesSet(SpringConfiguration.java:19) - info Logging application message
2017-11-14T15:37:17,576 INFO  [main] com.gibbon.configuration.SpringConfiguration.afterPropertiesSet(SpringConfiguration.java:19) - info Logging application message
2017-11-14T15:37:17,676 INFO  [main] com.gibbon.configuration.SpringConfiguration.afterPropertiesSet(SpringConfiguration.java:19) - info Logging application message
2017-11-14T15:37:17,777 INFO  [main] com.gibbon.configuration.SpringConfiguration.afterPropertiesSet(SpringConfiguration.java:19) - info Logging application message
2017-11-14T15:37:17,878 INFO  [main] com.gibbon.configuration.SpringConfiguration.afterPropertiesSet(SpringConfiguration.java:19) - info Logging application message
2017-11-14T15:37:17,978 INFO  [main] com.gibbon.configuration.SpringConfiguration.afterPropertiesSet(SpringConfiguration.java:19) - info Logging application message
2017-11-14T15:37:18,079 INFO  [main] com.gibbon.configuration.SpringConfiguration.afterPropertiesSet(SpringConfiguration.java:19) - info Logging application message
2017-11-14T15:37:18,180 INFO  [main] com.gibbon.configuration.SpringConfiguration.afterPropertiesSet(SpringConfiguration.java:19) - info Logging application message
2017-11-14T15:37:18,280 INFO  [main] com.gibbon.configuration.SpringConfiguration.afterPropertiesSet(SpringConfiguration.java:19) - info Logging application message
2017-11-14T15:37:18,380 INFO  [main] com.gibbon.configuration.SpringConfiguration.afterPropertiesSet(SpringConfiguration.java:19) - info Logging application message
2017-11-14T15:37:18,481 INFO  [main] com.gibbon.configuration.SpringConfiguration.afterPropertiesSet(SpringConfiguration.java:19) - info Logging application message
2017-11-14T15:37:18,582 INFO  [main] com.gibbon.configuration.SpringConfiguration.afterPropertiesSet(SpringConfiguration.java:19) - info Logging application message
2017-11-14T15:37:18,683 INFO  [main] com.gibbon.configuration.SpringConfiguration.afterPropertiesSet(SpringConfiguration.java:19) - info Logging application message
2017-11-14T15:37:18,783 INFO  [main] com.gibbon.configuration.SpringConfiguration.afterPropertiesSet(SpringConfiguration.java:19) - info Logging application message
2017-11-14T15:37:18,885 INFO  [main] com.gibbon.configuration.SpringConfiguration.afterPropertiesSet(SpringConfiguration.java:19) - info Logging application message
2017-11-14T15:37:18,986 INFO  [main] com.gibbon.configuration.SpringConfiguration.afterPropertiesSet(SpringConfiguration.java:19) - info Logging application message
2017-11-14T15:37:19,087 INFO  [main] com.gibbon.configuration.SpringConfiguration.afterPropertiesSet(SpringConfiguration.java:19) - info Logging application message
2017-11-14T15:37:19,187 INFO  [main] com.gibbon.configuration.SpringConfiguration.afterPropertiesSet(SpringConfiguration.java:19) - info Logging application message
2017-11-14T15:37:19,287 INFO  [main] com.gibbon.configuration.SpringConfiguration.afterPropertiesSet(SpringConfiguration.java:19) - info Logging application message
2017-11-14T15:37:19,388 INFO  [main] com.gibbon.configuration.SpringConfiguration.afterPropertiesSet(SpringConfiguration.java:19) - info Logging application message
2017-11-14T15:37:19,488 INFO  [main] com.gibbon.configuration.SpringConfiguration.afterPropertiesSet(SpringConfiguration.java:19) - info Logging application message
2017-11-14T15:37:19,589 INFO  [main] com.gibbon.configuration.SpringConfiguration.afterPropertiesSet(SpringConfiguration.java:19) - info Logging application message
2017-11-14T15:37:19,689 INFO  [main] com.gibbon.configuration.SpringConfiguration.afterPropertiesSet(SpringConfiguration.java:19) - info Logging application message
2017-11-14T15:37:19,790 INFO  [main] com.gibbon.configuration.SpringConfiguration.afterPropertiesSet(SpringConfiguration.java:19) - info Logging application message
2017-11-14T15:37:19,891 INFO  [main] com.gibbon.configuration.SpringConfiguration.afterPropertiesSet(SpringConfiguration.java:19) - info Logging application message
2017-11-14T15:37:19,991 INFO  [main] com.gibbon.configuration.SpringConfiguration.afterPropertiesSet(SpringConfiguration.java:19) - info Logging application message
2017-11-14T15:37:20,092 INFO  [main] com.gibbon.configuration.SpringConfiguration.afterPropertiesSet(SpringConfiguration.java:19) - info Logging application message
2017-11-14T15:37:20,193 INFO  [main] com.gibbon.configuration.SpringConfiguration.afterPropertiesSet(SpringConfiguration.java:19) - info Logging application message
2017-11-14T15:37:20,293 INFO  [main] com.gibbon.configuration.SpringConfiguration.afterPropertiesSet(SpringConfiguration.java:19) - info Logging application message
2017-11-14T15:37:20,393 INFO  [main] com.gibbon.configuration.SpringConfiguration.afterPropertiesSet(SpringConfiguration.java:19) - info Logging application message
2017-11-14T15:37:20,493 INFO  [main] com.gibbon.configuration.SpringConfiguration.afterPropertiesSet(SpringConfiguration.java:19) - info Logging application message
2017-11-14T15:37:20,594 INFO  [main] com.gibbon.configuration.SpringConfiguration.afterPropertiesSet(SpringConfiguration.java:19) - info Logging application message
2017-11-14T15:37:20,695 INFO  [main] com.gibbon.configuration.SpringConfiguration.afterPropertiesSet(SpringConfiguration.java:19) - info Logging application message
2017-11-14T15:37:20,795 INFO  [main] com.gibbon.configuration.SpringConfiguration.afterPropertiesSet(SpringConfiguration.java:19) - info Logging application message
2017-11-14T15:37:20,896 INFO  [main] com.gibbon.configuration.SpringConfiguration.afterPropertiesSet(SpringConfiguration.java:19) - info Logging application message
2017-11-14T15:37:20,996 INFO  [main] com.gibbon.configuration.SpringConfiguration.afterPropertiesSet(SpringConfiguration.java:19) - info Logging application message
2017-11-14T15:37:21,097 INFO  [main] com.gibbon.configuration.SpringConfiguration.afterPropertiesSet(SpringConfiguration.java:19) - info Logging application message
2017-11-14T15:37:21,198 INFO  [main] com.gibbon.configuration.SpringConfiguration.afterPropertiesSet(SpringConfiguration.java:19) - info Logging application message
2017-11-14T15:37:21,298 INFO  [main] com.gibbon.configuration.SpringConfiguration.afterPropertiesSet(SpringConfiguration.java:19) - info Logging application message
2017-11-14T15:37:21,399 INFO  [main] com.gibbon.configuration.SpringConfiguration.afterPropertiesSet(SpringConfiguration.java:19) - info Logging application message
2017-11-14T15:37:21,499 INFO  [main] com.gibbon.configuration.SpringConfiguration.afterPropertiesSet(SpringConfiguration.java:19) - info Logging application message
2017-11-14T15:37:21,600 INFO  [main] com.gibbon.configuration.SpringConfiguration.afterPropertiesSet(SpringConfiguration.java:19) - info Logging application message
2017-11-14T15:37:21,700 INFO  [main] com.gibbon.configuration.SpringConfiguration.afterPropertiesSet(SpringConfiguration.java:19) - info Logging application message
2017-11-14T15:37:21,800 INFO  [main] com.gibbon.configuration.SpringConfiguration.afterPropertiesSet(SpringConfiguration.java:19) - info Logging application message
2017-11-14T15:37:21,901 INFO  [main] com.gibbon.configuration.SpringConfiguration.afterPropertiesSet(SpringConfiguration.java:19) - info Logging application message
2017-11-14T15:37:22,002 INFO  [main] com.gibbon.configuration.SpringConfiguration.afterPropertiesSet(SpringConfiguration.java:19) - info Logging application message
2017-11-14T15:37:22,102 INFO  [main] com.gibbon.configuration.SpringConfiguration.afterPropertiesSet(SpringConfiguration.java:19) - info Logging application message
2017-11-14T15:37:22,202 INFO  [main] com.gibbon.configuration.SpringConfiguration.afterPropertiesSet(SpringConfiguration.java:19) - info Logging application message
2017-11-14T15:37:22,303 INFO  [main] com.gibbon.configuration.SpringConfiguration.afterPropertiesSet(SpringConfiguration.java:19) - info Logging application message
2017-11-14T15:37:22,404 INFO  [main] com.gibbon.configuration.SpringConfiguration.afterPropertiesSet(SpringConfiguration.java:19) - info Logging application message
2017-11-14T15:37:22,504 INFO  [main] com.gibbon.configuration.SpringConfiguration.afterPropertiesSet(SpringConfiguration.java:19) - info Logging application message
2017-11-14T15:37:22,605 INFO  [main] com.gibbon.configuration.SpringConfiguration.afterPropertiesSet(SpringConfiguration.java:19) - info Logging application message
2017-11-14T15:37:22,705 INFO  [main] com.gibbon.configuration.SpringConfiguration.afterPropertiesSet(SpringConfiguration.java:19) - info Logging application message
2017-11-14T15:37:22,805 INFO  [main] com.gibbon.configuration.SpringConfiguration.afterPropertiesSet(SpringConfiguration.java:19) - info Logging application message
2017-11-14T15:37:22,906 INFO  [main] com.gibbon.configuration.SpringConfiguration.afterPropertiesSet(SpringConfiguration.java:19) - info Logging application message
2017-11-14T15:37:23,007 INFO  [main] com.gibbon.configuration.SpringConfiguration.afterPropertiesSet(SpringConfiguration.java:19) - info Logging application message
2017-11-14T15:37:23,107 INFO  [main] com.gibbon.configuration.SpringConfiguration.afterPropertiesSet(SpringConfiguration.java:19) - info Logging application message
2017-11-14T15:37:23,207 INFO  [main] com.gibbon.configuration.SpringConfiguration.afterPropertiesSet(SpringConfiguration.java:19) - info Logging application message
2017-11-14T15:37:23,307 INFO  [main] com.gibbon.configuration.SpringConfiguration.afterPropertiesSet(SpringConfiguration.java:19) - info Logging application message
2017-11-14T15:37:23,407 INFO  [main] com.gibbon.configuration.SpringConfiguration.afterPropertiesSet(SpringConfiguration.java:19) - info Logging application message
2017-11-14T15:37:23,508 INFO  [main] com.gibbon.configuration.SpringConfiguration.afterPropertiesSet(SpringConfiguration.java:19) - info Logging application message
2017-11-14T15:37:23,609 INFO  [main] com.gibbon.configuration.SpringConfiguration.afterPropertiesSet(SpringConfiguration.java:19) - info Logging application message
2017-11-14T15:37:23,709 INFO  [main] com.gibbon.configuration.SpringConfiguration.afterPropertiesSet(SpringConfiguration.java:19) - info Logging application message
2017-11-14T15:37:23,810 INFO  [main] com.gibbon.configuration.SpringConfiguration.afterPropertiesSet(SpringConfiguration.java:19) - info Logging application message
2017-11-14T15:37:23,910 INFO  [main] com.gibbon.configuration.SpringConfiguration.afterPropertiesSet(SpringConfiguration.java:19) - info Logging application message
2017-11-14T15:37:24,011 INFO  [main] com.gibbon.configuration.SpringConfiguration.afterPropertiesSet(SpringConfiguration.java:19) - info Logging application message
2017-11-14T15:37:24,113 INFO  [main] com.gibbon.configuration.SpringConfiguration.afterPropertiesSet(SpringConfiguration.java:19) - info Logging application message
2017-11-14T15:37:24,214 INFO  [main] com.gibbon.configuration.SpringConfiguration.afterPropertiesSet(SpringConfiguration.java:19) - info Logging application message
2017-11-14T15:37:24,314 INFO  [main] com.gibbon.configuration.SpringConfiguration.afterPropertiesSet(SpringConfiguration.java:19) - info Logging application message
2017-11-14T15:37:24,414 INFO  [main] com.gibbon.configuration.SpringConfiguration.afterPropertiesSet(SpringConfiguration.java:19) - info Logging application message
2017-11-14T15:37:24,515 INFO  [main] com.gibbon.configuration.SpringConfiguration.afterPropertiesSet(SpringConfiguration.java:19) - info Logging application message
2017-11-14T15:37:24,616 INFO  [main] com.gibbon.configuration.SpringConfiguration.afterPropertiesSet(SpringConfiguration.java:19) - info Logging application message
2017-11-14T15:37:24,716 INFO  [main] com.gibbon.configuration.SpringConfiguration.afterPropertiesSet(SpringConfiguration.java:19) - info Logging application message
2017-11-14T15:37:24,817 INFO  [main] com.gibbon.configuration.SpringConfiguration.afterPropertiesSet(SpringConfiguration.java:19) - info Logging application message
2017-11-14T15:37:24,917 INFO  [main] com.gibbon.configuration.SpringConfiguration.afterPropertiesSet(SpringConfiguration.java:19) - info Logging application message
2017-11-14T15:37:25,018 INFO  [main] com.gibbon.configuration.SpringConfiguration.afterPropertiesSet(SpringConfiguration.java:19) - info Logging application message
2017-11-14T15:37:25,119 INFO  [main] com.gibbon.configuration.SpringConfiguration.afterPropertiesSet(SpringConfiguration.java:19) - info Logging application message
2017-11-14T15:37:25,220 INFO  [main] com.gibbon.configuration.SpringConfiguration.afterPropertiesSet(SpringConfiguration.java:19) - info Logging application message
2017-11-14T15:37:25,320 INFO  [main] com.gibbon.configuration.SpringConfiguration.afterPropertiesSet(SpringConfiguration.java:19) - info Logging application message
2017-11-14T15:37:25,420 INFO  [main] com.gibbon.configuration.SpringConfiguration.afterPropertiesSet(SpringConfiguration.java:19) - info Logging application message
2017-11-14T15:37:25,521 INFO  [main] com.gibbon.configuration.SpringConfiguration.afterPropertiesSet(SpringConfiguration.java:19) - info Logging application message
2017-11-14T15:37:25,621 INFO  [main] com.gibbon.configuration.SpringConfiguration.afterPropertiesSet(SpringConfiguration.java:19) - info Logging application message
2017-11-14T15:37:25,721 INFO  [main] com.gibbon.configuration.SpringConfiguration.afterPropertiesSet(SpringConfiguration.java:19) - info Logging application message
2017-11-14T15:37:25,824 INFO  [main] com.gibbon.configuration.SpringConfiguration.afterPropertiesSet(SpringConfiguration.java:19) - info Logging application message
2017-11-14T15:37:25,939 INFO  [main] com.gibbon.configuration.SpringConfiguration.afterPropertiesSet(SpringConfiguration.java:19) - info Logging application message
2017-11-14T15:37:26,051 INFO  [main] com.gibbon.configuration.SpringConfiguration.afterPropertiesSet(SpringConfiguration.java:19) - info Logging application message
2017-11-14T15:37:26,155 INFO  [main] com.gibbon.configuration.SpringConfiguration.afterPropertiesSet(SpringConfiguration.java:19) - info Logging application message
2017-11-14T15:37:26,255 INFO  [main] com.gibbon.configuration.SpringConfiguration.afterPropertiesSet(SpringConfiguration.java:19) - info Logging application message
2017-11-14T15:37:26,356 INFO  [main] com.gibbon.configuration.SpringConfiguration.afterPropertiesSet(SpringConfiguration.java:19) - info Logging application message
2017-11-14T15:37:26,457 INFO  [main] com.gibbon.configuration.SpringConfiguration.afterPropertiesSet(SpringConfiguration.java:19) - info Logging application message
2017-11-14T15:37:26,557 INFO  [main] com.gibbon.configuration.SpringConfiguration.afterPropertiesSet(SpringConfiguration.java:19) - info Logging application message
2017-11-14T15:37:26,657 INFO  [main] com.gibbon.configuration.SpringConfiguration.afterPropertiesSet(SpringConfiguration.java:19) - info Logging application message
2017-11-14T15:37:26,758 INFO  [main] com.gibbon.configuration.SpringConfiguration.afterPropertiesSet(SpringConfiguration.java:19) - info Logging application message
2017-11-14T15:37:26,859 INFO  [main] com.gibbon.configuration.SpringConfiguration.afterPropertiesSet(SpringConfiguration.java:19) - info Logging application message
2017-11-14T15:37:26,959 INFO  [main] com.gibbon.configuration.SpringConfiguration.afterPropertiesSet(SpringConfiguration.java:19) - info Logging application message
2017-11-14T15:37:27,059 INFO  [main] com.gibbon.configuration.SpringConfiguration.afterPropertiesSet(SpringConfiguration.java:19) - info Logging application message
2017-11-14T15:37:27,160 INFO  [main] com.gibbon.configuration.SpringConfiguration.afterPropertiesSet(SpringConfiguration.java:19) - info Logging application message
2017-11-14T15:37:27,260 INFO  [main] com.gibbon.configuration.SpringConfiguration.afterPropertiesSet(SpringConfiguration.java:19) - info Logging application message
2017-11-14T15:37:27,360 INFO  [main] com.gibbon.configuration.SpringConfiguration.afterPropertiesSet(SpringConfiguration.java:19) - info Logging application message
2017-11-14T15:37:27,461 INFO  [main] com.gibbon.configuration.SpringConfiguration.afterPropertiesSet(SpringConfiguration.java:19) - info Logging application message
2017-11-14T15:37:27,561 INFO  [main] com.gibbon.configuration.SpringConfiguration.afterPropertiesSet(SpringConfiguration.java:19) - info Logging application message
2017-11-14T15:37:27,662 INFO  [main] com.gibbon.configuration.SpringConfiguration.afterPropertiesSet(SpringConfiguration.java:19) - info Logging application message
2017-11-14T15:37:27,762 INFO  [main] com.gibbon.configuration.SpringConfiguration.afterPropertiesSet(SpringConfiguration.java:19) - info Logging application message
2017-11-14T15:37:27,862 INFO  [main] com.gibbon.configuration.SpringConfiguration.afterPropertiesSet(SpringConfiguration.java:19) - info Logging application message
2017-11-14T15:37:27,963 INFO  [main] com.gibbon.configuration.SpringConfiguration.afterPropertiesSet(SpringConfiguration.java:19) - info Logging application message
2017-11-14T15:37:28,064 INFO  [main] com.gibbon.configuration.SpringConfiguration.afterPropertiesSet(SpringConfiguration.java:19) - info Logging application message
2017-11-14T15:37:28,164 INFO  [main] com.gibbon.configuration.SpringConfiguration.afterPropertiesSet(SpringConfiguration.java:19) - info Logging application message
2017-11-14T15:37:28,265 INFO  [main] com.gibbon.configuration.SpringConfiguration.afterPropertiesSet(SpringConfiguration.java:19) - info Logging application message
2017-11-14T15:37:28,366 INFO  [main] com.gibbon.configuration.SpringConfiguration.afterPropertiesSet(SpringConfiguration.java:19) - info Logging application message
2017-11-14T15:37:28,466 INFO  [main] com.gibbon.configuration.SpringConfiguration.afterPropertiesSet(SpringConfiguration.java:19) - info Logging application message
2017-11-14T15:37:28,566 INFO  [main] com.gibbon.configuration.SpringConfiguration.afterPropertiesSet(SpringConfiguration.java:19) - info Logging application message
2017-11-14T15:37:28,667 INFO  [main] com.gibbon.configuration.SpringConfiguration.afterPropertiesSet(SpringConfiguration.java:19) - info Logging application message
2017-11-14T15:37:28,768 INFO  [main] com.gibbon.configuration.SpringConfiguration.afterPropertiesSet(SpringConfiguration.java:19) - info Logging application message
2017-11-14T15:37:28,868 INFO  [main] com.gibbon.configuration.SpringConfiguration.afterPropertiesSet(SpringConfiguration.java:19) - info Logging application message
2017-11-14T15:37:28,968 INFO  [main] com.gibbon.configuration.SpringConfiguration.afterPropertiesSet(SpringConfiguration.java:19) - info Logging application message
2017-11-14T15:37:29,069 INFO  [main] com.gibbon.configuration.SpringConfiguration.afterPropertiesSet(SpringConfiguration.java:19) - info Logging application message
2017-11-14T15:37:29,169 INFO  [main] com.gibbon.configuration.SpringConfiguration.afterPropertiesSet(SpringConfiguration.java:19) - info Logging application message
2017-11-14T15:37:29,269 INFO  [main] com.gibbon.configuration.SpringConfiguration.afterPropertiesSet(SpringConfiguration.java:19) - info Logging application message
2017-11-14T15:37:29,369 INFO  [main] com.gibbon.configuration.SpringConfiguration.afterPropertiesSet(SpringConfiguration.java:19) - info Logging application message
2017-11-14T15:37:29,469 INFO  [main] com.gibbon.configuration.SpringConfiguration.afterPropertiesSet(SpringConfiguration.java:19) - info Logging application message
2017-11-14T15:37:29,570 INFO  [main] com.gibbon.configuration.SpringConfiguration.afterPropertiesSet(SpringConfiguration.java:19) - info Logging application message
2017-11-14T15:37:29,670 INFO  [main] com.gibbon.configuration.SpringConfiguration.afterPropertiesSet(SpringConfiguration.java:19) - info Logging application message
2017-11-14T15:37:29,771 INFO  [main] com.gibbon.configuration.SpringConfiguration.afterPropertiesSet(SpringConfiguration.java:19) - info Logging application message
2017-11-14T15:37:29,871 INFO  [main] com.gibbon.configuration.SpringConfiguration.afterPropertiesSet(SpringConfiguration.java:19) - info Logging application message
2017-11-14T15:37:29,972 INFO  [main] com.gibbon.configuration.SpringConfiguration.afterPropertiesSet(SpringConfiguration.java:19) - info Logging application message
2017-11-14T15:37:30,078 INFO  [main] com.gibbon.configuration.SpringConfiguration.afterPropertiesSet(SpringConfiguration.java:19) - info Logging application message
2017-11-14T15:37:30,187 INFO  [main] com.gibbon.configuration.SpringConfiguration.afterPropertiesSet(SpringConfiguration.java:19) - info Logging application message
2017-11-14T15:37:30,288 INFO  [main] com.gibbon.configuration.SpringConfiguration.afterPropertiesSet(SpringConfiguration.java:19) - info Logging application message
2017-11-14T15:37:30,388 INFO  [main] com.gibbon.configuration.SpringConfiguration.afterPropertiesSet(SpringConfiguration.java:19) - info Logging application message
2017-11-14T15:37:30,489 INFO  [main] com.gibbon.configuration.SpringConfiguration.afterPropertiesSet(SpringConfiguration.java:19) - info Logging application message
2017-11-14T15:37:30,589 INFO  [main] com.gibbon.configuration.SpringConfiguration.afterPropertiesSet(SpringConfiguration.java:19) - info Logging application message
2017-11-14T15:37:30,690 INFO  [main] com.gibbon.configuration.SpringConfiguration.afterPropertiesSet(SpringConfiguration.java:19) - info Logging application message
2017-11-14T15:37:30,790 INFO  [main] com.gibbon.configuration.SpringConfiguration.afterPropertiesSet(SpringConfiguration.java:19) - info Logging application message
2017-11-14T15:37:30,890 INFO  [main] com.gibbon.configuration.SpringConfiguration.afterPropertiesSet(SpringConfiguration.java:19) - info Logging application message
2017-11-14T15:37:30,990 INFO  [main] com.gibbon.configuration.SpringConfiguration.afterPropertiesSet(SpringConfiguration.java:19) - info Logging application message
2017-11-14T15:37:31,091 INFO  [main] com.gibbon.configuration.SpringConfiguration.afterPropertiesSet(SpringConfiguration.java:19) - info Logging application message
2017-11-14T15:37:31,191 INFO  [main] com.gibbon.configuration.SpringConfiguration.afterPropertiesSet(SpringConfiguration.java:19) - info Logging application message
2017-11-14T15:37:31,291 INFO  [main] com.gibbon.configuration.SpringConfiguration.afterPropertiesSet(SpringConfiguration.java:19) - info Logging application message
2017-11-14T15:37:31,392 INFO  [main] com.gibbon.configuration.SpringConfiguration.afterPropertiesSet(SpringConfiguration.java:19) - info Logging application message
2017-11-14T15:37:31,493 INFO  [main] com.gibbon.configuration.SpringConfiguration.afterPropertiesSet(SpringConfiguration.java:19) - info Logging application message
2017-11-14T15:37:31,593 INFO  [main] com.gibbon.configuration.SpringConfiguration.afterPropertiesSet(SpringConfiguration.java:19) - info Logging application message
2017-11-14T15:37:31,694 INFO  [main] com.gibbon.configuration.SpringConfiguration.afterPropertiesSet(SpringConfiguration.java:19) - info Logging application message
2017-11-14T15:37:31,794 INFO  [main] com.gibbon.configuration.SpringConfiguration.afterPropertiesSet(SpringConfiguration.java:19) - info Logging application message
2017-11-14T15:37:31,895 INFO  [main] com.gibbon.configuration.SpringConfiguration.afterPropertiesSet(SpringConfiguration.java:19) - info Logging application message
2017-11-14T15:37:31,996 INFO  [main] com.gibbon.configuration.SpringConfiguration.afterPropertiesSet(SpringConfiguration.java:19) - info Logging application message
2017-11-14T15:37:32,097 INFO  [main] com.gibbon.configuration.SpringConfiguration.afterPropertiesSet(SpringConfiguration.java:19) - info Logging application message
2017-11-14T15:37:32,197 INFO  [main] com.gibbon.configuration.SpringConfiguration.afterPropertiesSet(SpringConfiguration.java:19) - info Logging application message
2017-11-14T15:37:32,298 INFO  [main] com.gibbon.configuration.SpringConfiguration.afterPropertiesSet(SpringConfiguration.java:19) - info Logging application message
2017-11-14T15:37:32,399 INFO  [main] com.gibbon.configuration.SpringConfiguration.afterPropertiesSet(SpringConfiguration.java:19) - info Logging application message
2017-11-14T15:37:32,499 INFO  [main] com.gibbon.configuration.SpringConfiguration.afterPropertiesSet(SpringConfiguration.java:19) - info Logging application message
2017-11-14T15:37:32,599 INFO  [main] com.gibbon.configuration.SpringConfiguration.afterPropertiesSet(SpringConfiguration.java:19) - info Logging application message
2017-11-14T15:37:32,700 INFO  [main] com.gibbon.configuration.SpringConfiguration.afterPropertiesSet(SpringConfiguration.java:19) - info Logging application message
2017-11-14T15:37:32,800 INFO  [main] com.gibbon.configuration.SpringConfiguration.afterPropertiesSet(SpringConfiguration.java:19) - info Logging application message
2017-11-14T15:37:32,900 INFO  [main] com.gibbon.configuration.SpringConfiguration.afterPropertiesSet(SpringConfiguration.java:19) - info Logging application message
2017-11-14T15:37:33,002 INFO  [main] com.gibbon.configuration.SpringConfiguration.afterPropertiesSet(SpringConfiguration.java:19) - info Logging application message
2017-11-14T15:37:33,102 INFO  [main] com.gibbon.configuration.SpringConfiguration.afterPropertiesSet(SpringConfiguration.java:19) - info Logging application message
2017-11-14T15:37:33,203 INFO  [main] com.gibbon.configuration.SpringConfiguration.afterPropertiesSet(SpringConfiguration.java:19) - info Logging application message
2017-11-14T15:37:33,303 INFO  [main] com.gibbon.configuration.SpringConfiguration.afterPropertiesSet(SpringConfiguration.java:19) - info Logging application message
2017-11-14T15:37:33,404 INFO  [main] com.gibbon.configuration.SpringConfiguration.afterPropertiesSet(SpringConfiguration.java:19) - info Logging application message
2017-11-14T15:37:33,504 INFO  [main] com.gibbon.configuration.SpringConfiguration.afterPropertiesSet(SpringConfiguration.java:19) - info Logging application message
2017-11-14T15:37:33,605 INFO  [main] com.gibbon.configuration.SpringConfiguration.afterPropertiesSet(SpringConfiguration.java:19) - info Logging application message
2017-11-14T15:37:33,705 INFO  [main] com.gibbon.configuration.SpringConfiguration.afterPropertiesSet(SpringConfiguration.java:19) - info Logging application message
2017-11-14T15:37:33,806 INFO  [main] com.gibbon.configuration.SpringConfiguration.afterPropertiesSet(SpringConfiguration.java:19) - info Logging application message
2017-11-14T15:37:33,906 INFO  [main] com.gibbon.configuration.SpringConfiguration.afterPropertiesSet(SpringConfiguration.java:19) - info Logging application message
2017-11-14T15:37:34,006 INFO  [main] com.gibbon.configuration.SpringConfiguration.afterPropertiesSet(SpringConfiguration.java:19) - info Logging application message
2017-11-14T15:37:34,107 INFO  [main] com.gibbon.configuration.SpringConfiguration.afterPropertiesSet(SpringConfiguration.java:19) - info Logging application message
2017-11-14T15:37:34,207 INFO  [main] com.gibbon.configuration.SpringConfiguration.afterPropertiesSet(SpringConfiguration.java:19) - info Logging application message
2017-11-14T15:37:34,308 INFO  [main] com.gibbon.configuration.SpringConfiguration.afterPropertiesSet(SpringConfiguration.java:19) - info Logging application message
2017-11-14T15:37:34,409 INFO  [main] com.gibbon.configuration.SpringConfiguration.afterPropertiesSet(SpringConfiguration.java:19) - info Logging application message
2017-11-14T15:37:34,509 INFO  [main] com.gibbon.configuration.SpringConfiguration.afterPropertiesSet(SpringConfiguration.java:19) - info Logging application message
2017-11-14T15:37:34,609 INFO  [main] com.gibbon.configuration.SpringConfiguration.afterPropertiesSet(SpringConfiguration.java:19) - info Logging application message
2017-11-14T15:37:34,710 INFO  [main] com.gibbon.configuration.SpringConfiguration.afterPropertiesSet(SpringConfiguration.java:19) - info Logging application message
2017-11-14T15:37:34,811 INFO  [main] com.gibbon.configuration.SpringConfiguration.afterPropertiesSet(SpringConfiguration.java:19) - info Logging application message
2017-11-14T15:37:34,911 INFO  [main] com.gibbon.configuration.SpringConfiguration.afterPropertiesSet(SpringConfiguration.java:19) - info Logging application message
2017-11-14T15:37:35,012 INFO  [main] com.gibbon.configuration.SpringConfiguration.afterPropertiesSet(SpringConfiguration.java:19) - info Logging application message
2017-11-14T15:37:35,112 INFO  [main] com.gibbon.configuration.SpringConfiguration.afterPropertiesSet(SpringConfiguration.java:19) - info Logging application message
2017-11-14T15:37:35,213 INFO  [main] com.gibbon.configuration.SpringConfiguration.afterPropertiesSet(SpringConfiguration.java:19) - info Logging application message
2017-11-14T15:37:35,314 INFO  [main] com.gibbon.configuration.SpringConfiguration.afterPropertiesSet(SpringConfiguration.java:19) - info Logging application message
2017-11-14T15:37:35,414 INFO  [main] com.gibbon.configuration.SpringConfiguration.afterPropertiesSet(SpringConfiguration.java:19) - info Logging application message
2017-11-14T15:37:35,514 INFO  [main] com.gibbon.configuration.SpringConfiguration.afterPropertiesSet(SpringConfiguration.java:19) - info Logging application message
2017-11-14T15:37:35,614 INFO  [main] com.gibbon.configuration.SpringConfiguration.afterPropertiesSet(SpringConfiguration.java:19) - info Logging application message
2017-11-14T15:37:35,715 INFO  [main] com.gibbon.configuration.SpringConfiguration.afterPropertiesSet(SpringConfiguration.java:19) - info Logging application message
2017-11-14T15:37:35,815 INFO  [main] com.gibbon.configuration.SpringConfiguration.afterPropertiesSet(SpringConfiguration.java:19) - info Logging application message
2017-11-14T15:37:35,916 INFO  [main] com.gibbon.configuration.SpringConfiguration.afterPropertiesSet(SpringConfiguration.java:19) - info Logging application message
2017-11-14T15:37:36,017 INFO  [main] com.gibbon.configuration.SpringConfiguration.afterPropertiesSet(SpringConfiguration.java:19) - info Logging application message
2017-11-14T15:37:36,117 INFO  [main] com.gibbon.configuration.SpringConfiguration.afterPropertiesSet(SpringConfiguration.java:19) - info Logging application message
2017-11-14T15:37:36,218 INFO  [main] com.gibbon.configuration.SpringConfiguration.afterPropertiesSet(SpringConfiguration.java:19) - info Logging application message
2017-11-14T15:37:36,318 INFO  [main] com.gibbon.configuration.SpringConfiguration.afterPropertiesSet(SpringConfiguration.java:19) - info Logging application message
2017-11-14T15:37:36,419 INFO  [main] com.gibbon.configuration.SpringConfiguration.afterPropertiesSet(SpringConfiguration.java:19) - info Logging application message
2017-11-14T15:37:36,519 INFO  [main] com.gibbon.configuration.SpringConfiguration.afterPropertiesSet(SpringConfiguration.java:19) - info Logging application message
2017-11-14T15:37:36,620 INFO  [main] com.gibbon.configuration.SpringConfiguration.afterPropertiesSet(SpringConfiguration.java:19) - info Logging application message
2017-11-14T15:37:36,720 INFO  [main] com.gibbon.configuration.SpringConfiguration.afterPropertiesSet(SpringConfiguration.java:19) - info Logging application message
2017-11-14T15:37:36,820 INFO  [main] com.gibbon.configuration.SpringConfiguration.afterPropertiesSet(SpringConfiguration.java:19) - info Logging application message
2017-11-14T15:37:36,920 INFO  [main] com.gibbon.configuration.SpringConfiguration.afterPropertiesSet(SpringConfiguration.java:19) - info Logging application message
2017-11-14T15:37:37,020 INFO  [main] com.gibbon.configuration.SpringConfiguration.afterPropertiesSet(SpringConfiguration.java:19) - info Logging application message
2017-11-14T15:37:37,120 INFO  [main] com.gibbon.configuration.SpringConfiguration.afterPropertiesSet(SpringConfiguration.java:19) - info Logging application message
2017-11-14T15:37:37,222 INFO  [main] com.gibbon.configuration.SpringConfiguration.afterPropertiesSet(SpringConfiguration.java:19) - info Logging application message
2017-11-14T15:37:37,324 INFO  [main] com.gibbon.configuration.SpringConfiguration.afterPropertiesSet(SpringConfiguration.java:19) - info Logging application message
2017-11-14T15:37:37,424 INFO  [main] com.gibbon.configuration.SpringConfiguration.afterPropertiesSet(SpringConfiguration.java:19) - info Logging application message
2017-11-14T15:37:37,524 INFO  [main] com.gibbon.configuration.SpringConfiguration.afterPropertiesSet(SpringConfiguration.java:19) - info Logging application message
2017-11-14T15:37:37,625 INFO  [main] com.gibbon.configuration.SpringConfiguration.afterPropertiesSet(SpringConfiguration.java:19) - info Logging application message
2017-11-14T15:37:37,726 INFO  [main] com.gibbon.configuration.SpringConfiguration.afterPropertiesSet(SpringConfiguration.java:19) - info Logging application message
2017-11-14T15:37:37,826 INFO  [main] com.gibbon.configuration.SpringConfiguration.afterPropertiesSet(SpringConfiguration.java:19) - info Logging application message
2017-11-14T15:37:37,926 INFO  [main] com.gibbon.configuration.SpringConfiguration.afterPropertiesSet(SpringConfiguration.java:19) - info Logging application message
2017-11-14T15:37:38,026 INFO  [main] com.gibbon.configuration.SpringConfiguration.afterPropertiesSet(SpringConfiguration.java:19) - info Logging application message
2017-11-14T15:37:38,127 INFO  [main] com.gibbon.configuration.SpringConfiguration.afterPropertiesSet(SpringConfiguration.java:19) - info Logging application message
2017-11-14T15:37:38,229 INFO  [main] com.gibbon.configuration.SpringConfiguration.afterPropertiesSet(SpringConfiguration.java:19) - info Logging application message
2017-11-14T15:37:38,329 INFO  [main] com.gibbon.configuration.SpringConfiguration.afterPropertiesSet(SpringConfiguration.java:19) - info Logging application message
2017-11-14T15:37:38,431 INFO  [main] com.gibbon.configuration.SpringConfiguration.afterPropertiesSet(SpringConfiguration.java:19) - info Logging application message
2017-11-14T15:37:38,532 INFO  [main] com.gibbon.configuration.SpringConfiguration.afterPropertiesSet(SpringConfiguration.java:19) - info Logging application message
2017-11-14T15:37:38,632 INFO  [main] com.gibbon.configuration.SpringConfiguration.afterPropertiesSet(SpringConfiguration.java:19) - info Logging application message
2017-11-14T15:37:38,733 INFO  [main] com.gibbon.configuration.SpringConfiguration.afterPropertiesSet(SpringConfiguration.java:19) - info Logging application message
2017-11-14T15:37:38,833 INFO  [main] com.gibbon.configuration.SpringConfiguration.afterPropertiesSet(SpringConfiguration.java:19) - info Logging application message
2017-11-14T15:37:38,934 INFO  [main] com.gibbon.configuration.SpringConfiguration.afterPropertiesSet(SpringConfiguration.java:19) - info Logging application message
2017-11-14T15:37:39,034 INFO  [main] com.gibbon.configuration.SpringConfiguration.afterPropertiesSet(SpringConfiguration.java:19) - info Logging application message
2017-11-14T15:37:39,134 INFO  [main] com.gibbon.configuration.SpringConfiguration.afterPropertiesSet(SpringConfiguration.java:19) - info Logging application message
2017-11-14T15:37:39,234 INFO  [main] com.gibbon.configuration.SpringConfiguration.afterPropertiesSet(SpringConfiguration.java:19) - info Logging application message
2017-11-14T15:37:39,334 INFO  [main] com.gibbon.configuration.SpringConfiguration.afterPropertiesSet(SpringConfiguration.java:19) - info Logging application message
2017-11-14T15:37:39,435 INFO  [main] com.gibbon.configuration.SpringConfiguration.afterPropertiesSet(SpringConfiguration.java:19) - info Logging application message
2017-11-14T15:37:39,535 INFO  [main] com.gibbon.configuration.SpringConfiguration.afterPropertiesSet(SpringConfiguration.java:19) - info Logging application message
2017-11-14T15:37:39,636 INFO  [main] com.gibbon.configuration.SpringConfiguration.afterPropertiesSet(SpringConfiguration.java:19) - info Logging application message
2017-11-14T15:37:39,736 INFO  [main] com.gibbon.configuration.SpringConfiguration.afterPropertiesSet(SpringConfiguration.java:19) - info Logging application message
2017-11-14T15:37:39,836 INFO  [main] com.gibbon.configuration.SpringConfiguration.afterPropertiesSet(SpringConfiguration.java:19) - info Logging application message
2017-11-14T15:37:39,937 INFO  [main] com.gibbon.configuration.SpringConfiguration.afterPropertiesSet(SpringConfiguration.java:19) - info Logging application message
2017-11-14T15:37:40,037 INFO  [main] com.gibbon.configuration.SpringConfiguration.afterPropertiesSet(SpringConfiguration.java:19) - info Logging application message
2017-11-14T15:37:40,138 INFO  [main] com.gibbon.configuration.SpringConfiguration.afterPropertiesSet(SpringConfiguration.java:19) - info Logging application message
2017-11-14T15:37:40,238 INFO  [main] com.gibbon.configuration.SpringConfiguration.afterPropertiesSet(SpringConfiguration.java:19) - info Logging application message
2017-11-14T15:37:40,339 INFO  [main] com.gibbon.configuration.SpringConfiguration.afterPropertiesSet(SpringConfiguration.java:19) - info Logging application message
2017-11-14T15:37:40,440 INFO  [main] com.gibbon.configuration.SpringConfiguration.afterPropertiesSet(SpringConfiguration.java:19) - info Logging application message
2017-11-14T15:37:40,540 INFO  [main] com.gibbon.configuration.SpringConfiguration.afterPropertiesSet(SpringConfiguration.java:19) - info Logging application message
2017-11-14T15:37:40,640 INFO  [main] com.gibbon.configuration.SpringConfiguration.afterPropertiesSet(SpringConfiguration.java:19) - info Logging application message
2017-11-14T15:37:40,740 INFO  [main] com.gibbon.configuration.SpringConfiguration.afterPropertiesSet(SpringConfiguration.java:19) - info Logging application message
2017-11-14T15:37:40,840 INFO  [main] com.gibbon.configuration.SpringConfiguration.afterPropertiesSet(SpringConfiguration.java:19) - info Logging application message
2017-11-14T15:37:40,940 INFO  [main] com.gibbon.configuration.SpringConfiguration.afterPropertiesSet(SpringConfiguration.java:19) - info Logging application message
2017-11-14T15:37:41,041 INFO  [main] com.gibbon.configuration.SpringConfiguration.afterPropertiesSet(SpringConfiguration.java:19) - info Logging application message
2017-11-14T15:37:41,141 INFO  [main] com.gibbon.configuration.SpringConfiguration.afterPropertiesSet(SpringConfiguration.java:19) - info Logging application message
2017-11-14T15:37:41,241 INFO  [main] com.gibbon.configuration.SpringConfiguration.afterPropertiesSet(SpringConfiguration.java:19) - info Logging application message
2017-11-14T15:37:41,342 INFO  [main] com.gibbon.configuration.SpringConfiguration.afterPropertiesSet(SpringConfiguration.java:19) - info Logging application message
2017-11-14T15:37:41,442 INFO  [main] com.gibbon.configuration.SpringConfiguration.afterPropertiesSet(SpringConfiguration.java:19) - info Logging application message
2017-11-14T15:37:41,542 INFO  [main] com.gibbon.configuration.SpringConfiguration.afterPropertiesSet(SpringConfiguration.java:19) - info Logging application message
2017-11-14T15:37:41,642 INFO  [main] com.gibbon.configuration.SpringConfiguration.afterPropertiesSet(SpringConfiguration.java:19) - info Logging application message
2017-11-14T15:37:41,742 INFO  [main] com.gibbon.configuration.SpringConfiguration.afterPropertiesSet(SpringConfiguration.java:19) - info Logging application message
2017-11-14T15:37:41,843 INFO  [main] com.gibbon.configuration.SpringConfiguration.afterPropertiesSet(SpringConfiguration.java:19) - info Logging application message
2017-11-14T15:37:41,944 INFO  [main] com.gibbon.configuration.SpringConfiguration.afterPropertiesSet(SpringConfiguration.java:19) - info Logging application message
2017-11-14T15:37:42,044 INFO  [main] com.gibbon.configuration.SpringConfiguration.afterPropertiesSet(SpringConfiguration.java:19) - info Logging application message
2017-11-14T15:37:42,144 INFO  [main] com.gibbon.configuration.SpringConfiguration.afterPropertiesSet(SpringConfiguration.java:19) - info Logging application message
2017-11-14T15:37:42,244 INFO  [main] com.gibbon.configuration.SpringConfiguration.afterPropertiesSet(SpringConfiguration.java:19) - info Logging application message
2017-11-14T15:37:42,344 INFO  [main] com.gibbon.configuration.SpringConfiguration.afterPropertiesSet(SpringConfiguration.java:19) - info Logging application message
2017-11-14T15:37:42,445 INFO  [main] com.gibbon.configuration.SpringConfiguration.afterPropertiesSet(SpringConfiguration.java:19) - info Logging application message
2017-11-14T15:37:42,546 INFO  [main] com.gibbon.configuration.SpringConfiguration.afterPropertiesSet(SpringConfiguration.java:19) - info Logging application message
2017-11-14T15:37:42,647 INFO  [main] com.gibbon.configuration.SpringConfiguration.afterPropertiesSet(SpringConfiguration.java:19) - info Logging application message
2017-11-14T15:37:42,747 INFO  [main] com.gibbon.configuration.SpringConfiguration.afterPropertiesSet(SpringConfiguration.java:19) - info Logging application message
2017-11-14T15:37:42,848 INFO  [main] com.gibbon.configuration.SpringConfiguration.afterPropertiesSet(SpringConfiguration.java:19) - info Logging application message
2017-11-14T15:37:42,948 INFO  [main] com.gibbon.configuration.SpringConfiguration.afterPropertiesSet(SpringConfiguration.java:19) - info Logging application message
2017-11-14T15:37:43,049 INFO  [main] com.gibbon.configuration.SpringConfiguration.afterPropertiesSet(SpringConfiguration.java:19) - info Logging application message
2017-11-14T15:37:43,149 INFO  [main] com.gibbon.configuration.SpringConfiguration.afterPropertiesSet(SpringConfiguration.java:19) - info Logging application message
2017-11-14T15:37:43,249 INFO  [main] com.gibbon.configuration.SpringConfiguration.afterPropertiesSet(SpringConfiguration.java:19) - info Logging application message
2017-11-14T15:37:43,350 INFO  [main] com.gibbon.configuration.SpringConfiguration.afterPropertiesSet(SpringConfiguration.java:19) - info Logging application message
2017-11-14T15:37:43,450 INFO  [main] com.gibbon.configuration.SpringConfiguration.afterPropertiesSet(SpringConfiguration.java:19) - info Logging application message
2017-11-14T15:37:43,551 INFO  [main] com.gibbon.configuration.SpringConfiguration.afterPropertiesSet(SpringConfiguration.java:19) - info Logging application message
2017-11-14T15:37:43,651 INFO  [main] com.gibbon.configuration.SpringConfiguration.afterPropertiesSet(SpringConfiguration.java:19) - info Logging application message
2017-11-14T15:37:43,752 INFO  [main] com.gibbon.configuration.SpringConfiguration.afterPropertiesSet(SpringConfiguration.java:19) - info Logging application message
2017-11-14T15:37:43,852 INFO  [main] com.gibbon.configuration.SpringConfiguration.afterPropertiesSet(SpringConfiguration.java:19) - info Logging application message
2017-11-14T15:37:43,953 INFO  [main] com.gibbon.configuration.SpringConfiguration.afterPropertiesSet(SpringConfiguration.java:19) - info Logging application message
